<?xml version="1.0" encoding="UTF-8"?>
<testsuite xmlns:xsi="http://www.w3.org/2001/XMLSchema-instance" xsi:noNamespaceSchemaLocation="https://maven.apache.org/surefire/maven-surefire-plugin/xsd/surefire-test-report.xsd" name="TP2.Gestor_Artigos_ESTest" time="0.099" tests="107" errors="0" skipped="0" failures="0">
  <properties>
    <property name="sun.desktop" value="gnome"/>
    <property name="awt.toolkit" value="sun.awt.X11.XToolkit"/>
    <property name="file.encoding.pkg" value="sun.io"/>
    <property name="java.specification.version" value="1.8"/>
    <property name="sun.cpu.isalist" value=""/>
    <property name="sun.jnu.encoding" value="UTF-8"/>
    <property name="java.class.path" value="/home/lufe/Documents/Uni Projects/ATS-2324/Projeto/TP2/target/test-classes:/home/lufe/Documents/Uni Projects/ATS-2324/Projeto/TP2/target/classes:/home/lufe/.m2/repository/junit/junit/4.13.2/junit-4.13.2.jar:/home/lufe/.m2/repository/org/hamcrest/hamcrest-core/1.3/hamcrest-core-1.3.jar:/home/lufe/.m2/repository/org/junit/vintage/junit-vintage-engine/5.8.1/junit-vintage-engine-5.8.1.jar:/home/lufe/.m2/repository/org/junit/platform/junit-platform-engine/1.8.1/junit-platform-engine-1.8.1.jar:/home/lufe/.m2/repository/org/apiguardian/apiguardian-api/1.1.2/apiguardian-api-1.1.2.jar:/home/lufe/.m2/repository/org/junit/jupiter/junit-jupiter-api/5.8.1/junit-jupiter-api-5.8.1.jar:/home/lufe/.m2/repository/org/opentest4j/opentest4j/1.2.0/opentest4j-1.2.0.jar:/home/lufe/.m2/repository/org/junit/platform/junit-platform-commons/1.8.1/junit-platform-commons-1.8.1.jar:/home/lufe/.m2/repository/org/junit/jupiter/junit-jupiter-engine/5.8.1/junit-jupiter-engine-5.8.1.jar:/home/lufe/.m2/repository/org/evosuite/evosuite-standalone-runtime/1.0.6/evosuite-standalone-runtime-1.0.6.jar:"/>
    <property name="java.vm.vendor" value="Private Build"/>
    <property name="sun.arch.data.model" value="64"/>
    <property name="java.vendor.url" value="http://java.oracle.com/"/>
    <property name="user.timezone" value=""/>
    <property name="java.vm.specification.version" value="1.8"/>
    <property name="os.name" value="Linux"/>
    <property name="user.country" value="US"/>
    <property name="sun.java.launcher" value="SUN_STANDARD"/>
    <property name="sun.boot.library.path" value="/usr/lib/jvm/java-8-openjdk-amd64/jre/lib/amd64"/>
    <property name="sun.java.command" value="/home/lufe/Documents/Uni Projects/ATS-2324/Projeto/TP2/target/surefire/surefirebooter4357976801536778248.jar /home/lufe/Documents/Uni Projects/ATS-2324/Projeto/TP2/target/surefire 2024-05-26T00-55-21_020-jvmRun1 surefire7842345563292677788tmp surefire_0783517642232277251tmp"/>
    <property name="surefire.test.class.path" value="/home/lufe/Documents/Uni Projects/ATS-2324/Projeto/TP2/target/test-classes:/home/lufe/Documents/Uni Projects/ATS-2324/Projeto/TP2/target/classes:/home/lufe/.m2/repository/junit/junit/4.13.2/junit-4.13.2.jar:/home/lufe/.m2/repository/org/hamcrest/hamcrest-core/1.3/hamcrest-core-1.3.jar:/home/lufe/.m2/repository/org/junit/vintage/junit-vintage-engine/5.8.1/junit-vintage-engine-5.8.1.jar:/home/lufe/.m2/repository/org/junit/platform/junit-platform-engine/1.8.1/junit-platform-engine-1.8.1.jar:/home/lufe/.m2/repository/org/apiguardian/apiguardian-api/1.1.2/apiguardian-api-1.1.2.jar:/home/lufe/.m2/repository/org/junit/jupiter/junit-jupiter-api/5.8.1/junit-jupiter-api-5.8.1.jar:/home/lufe/.m2/repository/org/opentest4j/opentest4j/1.2.0/opentest4j-1.2.0.jar:/home/lufe/.m2/repository/org/junit/platform/junit-platform-commons/1.8.1/junit-platform-commons-1.8.1.jar:/home/lufe/.m2/repository/org/junit/jupiter/junit-jupiter-engine/5.8.1/junit-jupiter-engine-5.8.1.jar:/home/lufe/.m2/repository/org/evosuite/evosuite-standalone-runtime/1.0.6/evosuite-standalone-runtime-1.0.6.jar:"/>
    <property name="sun.cpu.endian" value="little"/>
    <property name="user.home" value="/home/lufe"/>
    <property name="user.language" value="en"/>
    <property name="java.specification.vendor" value="Oracle Corporation"/>
    <property name="java.home" value="/usr/lib/jvm/java-8-openjdk-amd64/jre"/>
    <property name="basedir" value="/home/lufe/Documents/Uni Projects/ATS-2324/Projeto/TP2"/>
    <property name="file.separator" value="/"/>
    <property name="line.separator" value="&#10;"/>
    <property name="java.vm.specification.vendor" value="Oracle Corporation"/>
    <property name="java.specification.name" value="Java Platform API Specification"/>
    <property name="java.awt.graphicsenv" value="sun.awt.X11GraphicsEnvironment"/>
    <property name="surefire.real.class.path" value="/home/lufe/Documents/Uni Projects/ATS-2324/Projeto/TP2/target/surefire/surefirebooter4357976801536778248.jar:/home/lufe/.m2/repository/org/jacoco/org.jacoco.agent/0.8.4/org.jacoco.agent-0.8.4-runtime.jar"/>
    <property name="sun.boot.class.path" value="/usr/lib/jvm/java-8-openjdk-amd64/jre/lib/resources.jar:/usr/lib/jvm/java-8-openjdk-amd64/jre/lib/rt.jar:/usr/lib/jvm/java-8-openjdk-amd64/jre/lib/sunrsasign.jar:/usr/lib/jvm/java-8-openjdk-amd64/jre/lib/jsse.jar:/usr/lib/jvm/java-8-openjdk-amd64/jre/lib/jce.jar:/usr/lib/jvm/java-8-openjdk-amd64/jre/lib/charsets.jar:/usr/lib/jvm/java-8-openjdk-amd64/jre/lib/jfr.jar:/usr/lib/jvm/java-8-openjdk-amd64/jre/classes"/>
    <property name="sun.management.compiler" value="HotSpot 64-Bit Tiered Compilers"/>
    <property name="java.runtime.version" value="1.8.0_402-8u402-ga-2ubuntu1~22.04-b06"/>
    <property name="user.name" value="lufe"/>
    <property name="path.separator" value=":"/>
    <property name="os.version" value="6.2.6-76060206-generic"/>
    <property name="java.endorsed.dirs" value="/usr/lib/jvm/java-8-openjdk-amd64/jre/lib/endorsed"/>
    <property name="java.runtime.name" value="OpenJDK Runtime Environment"/>
    <property name="file.encoding" value="UTF-8"/>
    <property name="java.vm.name" value="OpenJDK 64-Bit Server VM"/>
    <property name="localRepository" value="/home/lufe/.m2/repository"/>
    <property name="java.vendor.url.bug" value="http://bugreport.sun.com/bugreport/"/>
    <property name="java.io.tmpdir" value="/tmp"/>
    <property name="java.version" value="1.8.0_402"/>
    <property name="user.dir" value="/home/lufe/Documents/Uni Projects/ATS-2324/Projeto/TP2"/>
    <property name="os.arch" value="amd64"/>
    <property name="java.vm.specification.name" value="Java Virtual Machine Specification"/>
    <property name="java.awt.printerjob" value="sun.print.PSPrinterJob"/>
    <property name="sun.os.patch.level" value="unknown"/>
    <property name="java.library.path" value="/usr/java/packages/lib/amd64:/usr/lib/x86_64-linux-gnu/jni:/lib/x86_64-linux-gnu:/usr/lib/x86_64-linux-gnu:/usr/lib/jni:/lib:/usr/lib"/>
    <property name="java.vm.info" value="mixed mode"/>
    <property name="java.vendor" value="Private Build"/>
    <property name="java.vm.version" value="25.402-b06"/>
    <property name="java.specification.maintenance.version" value="5"/>
    <property name="java.ext.dirs" value="/usr/lib/jvm/java-8-openjdk-amd64/jre/lib/ext:/usr/java/packages/lib/ext"/>
    <property name="sun.io.unicode.encoding" value="UnicodeLittle"/>
    <property name="java.class.version" value="52.0"/>
  </properties>
  <testcase name="test032" classname="TP2.Gestor_Artigos_ESTest" time="0.001"/>
  <testcase name="test031" classname="TP2.Gestor_Artigos_ESTest" time="0.001"/>
  <testcase name="test034" classname="TP2.Gestor_Artigos_ESTest" time="0.001"/>
  <testcase name="test033" classname="TP2.Gestor_Artigos_ESTest" time="0.001"/>
  <testcase name="test030" classname="TP2.Gestor_Artigos_ESTest" time="0"/>
  <testcase name="test029" classname="TP2.Gestor_Artigos_ESTest" time="0.001"/>
  <testcase name="test028" classname="TP2.Gestor_Artigos_ESTest" time="0.001"/>
  <testcase name="test025" classname="TP2.Gestor_Artigos_ESTest" time="0.001"/>
  <testcase name="test024" classname="TP2.Gestor_Artigos_ESTest" time="0"/>
  <testcase name="test027" classname="TP2.Gestor_Artigos_ESTest" time="0.001"/>
  <testcase name="test026" classname="TP2.Gestor_Artigos_ESTest" time="0.002"/>
  <testcase name="test021" classname="TP2.Gestor_Artigos_ESTest" time="0.001"/>
  <testcase name="test020" classname="TP2.Gestor_Artigos_ESTest" time="0"/>
  <testcase name="test023" classname="TP2.Gestor_Artigos_ESTest" time="0.002"/>
  <testcase name="test022" classname="TP2.Gestor_Artigos_ESTest" time="0.005"/>
  <testcase name="test018" classname="TP2.Gestor_Artigos_ESTest" time="0.003"/>
  <testcase name="test017" classname="TP2.Gestor_Artigos_ESTest" time="0.001"/>
  <testcase name="test019" classname="TP2.Gestor_Artigos_ESTest" time="0.001"/>
  <testcase name="test014" classname="TP2.Gestor_Artigos_ESTest" time="0"/>
  <testcase name="test013" classname="TP2.Gestor_Artigos_ESTest" time="0.001"/>
  <testcase name="test016" classname="TP2.Gestor_Artigos_ESTest" time="0.001"/>
  <testcase name="test015" classname="TP2.Gestor_Artigos_ESTest" time="0.001"/>
  <testcase name="test054" classname="TP2.Gestor_Artigos_ESTest" time="0.001"/>
  <testcase name="test053" classname="TP2.Gestor_Artigos_ESTest" time="0.002"/>
  <testcase name="test056" classname="TP2.Gestor_Artigos_ESTest" time="0.001"/>
  <testcase name="test055" classname="TP2.Gestor_Artigos_ESTest" time="0.001"/>
  <testcase name="test050" classname="TP2.Gestor_Artigos_ESTest" time="0.001"/>
  <testcase name="test052" classname="TP2.Gestor_Artigos_ESTest" time="0"/>
  <testcase name="test051" classname="TP2.Gestor_Artigos_ESTest" time="0.001"/>
  <testcase name="test047" classname="TP2.Gestor_Artigos_ESTest" time="0.001"/>
  <testcase name="test046" classname="TP2.Gestor_Artigos_ESTest" time="0"/>
  <testcase name="test049" classname="TP2.Gestor_Artigos_ESTest" time="0.001"/>
  <testcase name="test048" classname="TP2.Gestor_Artigos_ESTest" time="0.001"/>
  <testcase name="test043" classname="TP2.Gestor_Artigos_ESTest" time="0.001"/>
  <testcase name="test042" classname="TP2.Gestor_Artigos_ESTest" time="0"/>
  <testcase name="test045" classname="TP2.Gestor_Artigos_ESTest" time="0.001"/>
  <testcase name="test044" classname="TP2.Gestor_Artigos_ESTest" time="0"/>
  <testcase name="test041" classname="TP2.Gestor_Artigos_ESTest" time="0.001"/>
  <testcase name="test040" classname="TP2.Gestor_Artigos_ESTest" time="0"/>
  <testcase name="test039" classname="TP2.Gestor_Artigos_ESTest" time="0.001"/>
  <testcase name="test036" classname="TP2.Gestor_Artigos_ESTest" time="0"/>
  <testcase name="test035" classname="TP2.Gestor_Artigos_ESTest" time="0.001"/>
  <testcase name="test038" classname="TP2.Gestor_Artigos_ESTest" time="0.001"/>
  <testcase name="test037" classname="TP2.Gestor_Artigos_ESTest" time="0.001"/>
  <testcase name="test070" classname="TP2.Gestor_Artigos_ESTest" time="0.001"/>
  <testcase name="test076" classname="TP2.Gestor_Artigos_ESTest" time="0.001"/>
  <testcase name="test075" classname="TP2.Gestor_Artigos_ESTest" time="0.001"/>
  <testcase name="test078" classname="TP2.Gestor_Artigos_ESTest" time="0"/>
  <testcase name="test077" classname="TP2.Gestor_Artigos_ESTest" time="0.001"/>
  <testcase name="test072" classname="TP2.Gestor_Artigos_ESTest" time="0.001"/>
  <testcase name="test071" classname="TP2.Gestor_Artigos_ESTest" time="0.001"/>
  <testcase name="test074" classname="TP2.Gestor_Artigos_ESTest" time="0"/>
  <testcase name="test073" classname="TP2.Gestor_Artigos_ESTest" time="0.001"/>
  <testcase name="test106" classname="TP2.Gestor_Artigos_ESTest" time="0.001"/>
  <testcase name="test105" classname="TP2.Gestor_Artigos_ESTest" time="0.001"/>
  <testcase name="test069" classname="TP2.Gestor_Artigos_ESTest" time="0.001"/>
  <testcase name="test102" classname="TP2.Gestor_Artigos_ESTest" time="0"/>
  <testcase name="test068" classname="TP2.Gestor_Artigos_ESTest" time="0.001"/>
  <testcase name="test101" classname="TP2.Gestor_Artigos_ESTest" time="0.001"/>
  <testcase name="test104" classname="TP2.Gestor_Artigos_ESTest" time="0.001"/>
  <testcase name="test103" classname="TP2.Gestor_Artigos_ESTest" time="0.001"/>
  <testcase name="test065" classname="TP2.Gestor_Artigos_ESTest" time="0"/>
  <testcase name="test064" classname="TP2.Gestor_Artigos_ESTest" time="0.001"/>
  <testcase name="test067" classname="TP2.Gestor_Artigos_ESTest" time="0.001"/>
  <testcase name="test100" classname="TP2.Gestor_Artigos_ESTest" time="0"/>
  <testcase name="test066" classname="TP2.Gestor_Artigos_ESTest" time="0"/>
  <testcase name="test061" classname="TP2.Gestor_Artigos_ESTest" time="0.001"/>
  <testcase name="test060" classname="TP2.Gestor_Artigos_ESTest" time="0.001"/>
  <testcase name="test063" classname="TP2.Gestor_Artigos_ESTest" time="0.001"/>
  <testcase name="test062" classname="TP2.Gestor_Artigos_ESTest" time="0"/>
  <testcase name="test058" classname="TP2.Gestor_Artigos_ESTest" time="0.001"/>
  <testcase name="test057" classname="TP2.Gestor_Artigos_ESTest" time="0.001"/>
  <testcase name="test059" classname="TP2.Gestor_Artigos_ESTest" time="0"/>
  <testcase name="test090" classname="TP2.Gestor_Artigos_ESTest" time="0.001"/>
  <testcase name="test092" classname="TP2.Gestor_Artigos_ESTest" time="0.001"/>
  <testcase name="test091" classname="TP2.Gestor_Artigos_ESTest" time="0.001"/>
  <testcase name="test010" classname="TP2.Gestor_Artigos_ESTest" time="0.001"/>
  <testcase name="test098" classname="TP2.Gestor_Artigos_ESTest" time="0.003"/>
  <testcase name="test097" classname="TP2.Gestor_Artigos_ESTest" time="0.001"/>
  <testcase name="test012" classname="TP2.Gestor_Artigos_ESTest" time="0.001"/>
  <testcase name="test011" classname="TP2.Gestor_Artigos_ESTest" time="0.001"/>
  <testcase name="test099" classname="TP2.Gestor_Artigos_ESTest" time="0"/>
  <testcase name="test094" classname="TP2.Gestor_Artigos_ESTest" time="0.001"/>
  <testcase name="test093" classname="TP2.Gestor_Artigos_ESTest" time="0.001"/>
  <testcase name="test096" classname="TP2.Gestor_Artigos_ESTest" time="0.001"/>
  <testcase name="test095" classname="TP2.Gestor_Artigos_ESTest" time="0"/>
  <testcase name="test007" classname="TP2.Gestor_Artigos_ESTest" time="0"/>
  <testcase name="test006" classname="TP2.Gestor_Artigos_ESTest" time="0.001"/>
  <testcase name="test009" classname="TP2.Gestor_Artigos_ESTest" time="0.001"/>
  <testcase name="test008" classname="TP2.Gestor_Artigos_ESTest" time="0"/>
  <testcase name="test003" classname="TP2.Gestor_Artigos_ESTest" time="0.001"/>
  <testcase name="test002" classname="TP2.Gestor_Artigos_ESTest" time="0"/>
  <testcase name="test005" classname="TP2.Gestor_Artigos_ESTest" time="0.001"/>
  <testcase name="test004" classname="TP2.Gestor_Artigos_ESTest" time="0"/>
  <testcase name="test081" classname="TP2.Gestor_Artigos_ESTest" time="0.001"/>
  <testcase name="test080" classname="TP2.Gestor_Artigos_ESTest" time="0"/>
  <testcase name="test087" classname="TP2.Gestor_Artigos_ESTest" time="0.001"/>
  <testcase name="test086" classname="TP2.Gestor_Artigos_ESTest" time="0"/>
  <testcase name="test001" classname="TP2.Gestor_Artigos_ESTest" time="0.001"/>
  <testcase name="test089" classname="TP2.Gestor_Artigos_ESTest" time="0"/>
  <testcase name="test000" classname="TP2.Gestor_Artigos_ESTest" time="0.001"/>
  <testcase name="test088" classname="TP2.Gestor_Artigos_ESTest" time="0"/>
  <testcase name="test083" classname="TP2.Gestor_Artigos_ESTest" time="0.001"/>
  <testcase name="test082" classname="TP2.Gestor_Artigos_ESTest" time="0.001"/>
  <testcase name="test085" classname="TP2.Gestor_Artigos_ESTest" time="0"/>
  <testcase name="test084" classname="TP2.Gestor_Artigos_ESTest" time="0.001"/>
  <testcase name="test079" classname="TP2.Gestor_Artigos_ESTest" time="0"/>
</testsuite>